<?xml version="1.0" encoding="UTF-8"?>
<!-- Generated by org.testng.reporters.JUnitXMLReporter -->
<testsuite ignored="0" hostname="IN-PF2BV3FJ" failures="0" tests="4" name="Test" time="0.146" errors="0" timestamp="2022-08-03T12:27:50 IST">
  <testcase classname="qaclickacademy.AppiumTest" name="iosApps" time="0.021"/>
  <testcase classname="qaclickacademy.AppiumTest" name="nativeAppAndroid" time="0.003"/>
  <testcase classname="qaclickacademy.RestAPITest" name="deleteTwitter" time="0.003"/>
  <testcase classname="qaclickacademy.RestAPITest" name="postJira" time="0.002"/>
</testsuite> <!-- Test -->
