<?xml version="1.0" encoding="UTF-8"?>
<testng-results ignored="0" total="6" passed="6" failed="0" skipped="0">
  <reporter-output>
  </reporter-output>
  <suite started-at="2022-08-02T18:05:16 IST" name="Suite" finished-at="2022-08-02T18:05:16 IST" duration-ms="155">
    <groups>
    </groups>
    <test started-at="2022-08-02T18:05:16 IST" name="Test" finished-at="2022-08-02T18:05:16 IST" duration-ms="155">
      <class name="qaclickacademy.AppiumTest">
        <test-method signature="iosApps()[pri:0, instance:qaclickacademy.AppiumTest@54e1c68b]" started-at="2022-08-02T18:05:16 IST" name="iosApps" finished-at="2022-08-02T18:05:16 IST" duration-ms="15" status="PASS">
          <reporter-output>
          </reporter-output>
        </test-method> <!-- iosApps -->
        <test-method signature="nativeAppAndroid()[pri:0, instance:qaclickacademy.AppiumTest@54e1c68b]" started-at="2022-08-02T18:05:16 IST" name="nativeAppAndroid" finished-at="2022-08-02T18:05:16 IST" duration-ms="1" status="PASS">
          <reporter-output>
          </reporter-output>
        </test-method> <!-- nativeAppAndroid -->
      </class> <!-- qaclickacademy.AppiumTest -->
      <class name="qaclickacademy.RestAPITest">
        <test-method signature="deleteTwitter()[pri:0, instance:qaclickacademy.RestAPITest@576d5deb]" started-at="2022-08-02T18:05:16 IST" name="deleteTwitter" finished-at="2022-08-02T18:05:16 IST" duration-ms="1" status="PASS">
          <reporter-output>
          </reporter-output>
        </test-method> <!-- deleteTwitter -->
        <test-method signature="postJira()[pri:0, instance:qaclickacademy.RestAPITest@576d5deb]" started-at="2022-08-02T18:05:16 IST" name="postJira" finished-at="2022-08-02T18:05:16 IST" duration-ms="2" status="PASS">
          <reporter-output>
          </reporter-output>
        </test-method> <!-- postJira -->
      </class> <!-- qaclickacademy.RestAPITest -->
      <class name="qaclickacademy.SeleniumTest">
        <test-method signature="browserAutomation()[pri:0, instance:qaclickacademy.SeleniumTest@5e600dd5]" started-at="2022-08-02T18:05:16 IST" name="browserAutomation" finished-at="2022-08-02T18:05:16 IST" duration-ms="1" status="PASS">
          <reporter-output>
          </reporter-output>
        </test-method> <!-- browserAutomation -->
        <test-method signature="elementsUI()[pri:0, instance:qaclickacademy.SeleniumTest@5e600dd5]" started-at="2022-08-02T18:05:16 IST" name="elementsUI" finished-at="2022-08-02T18:05:16 IST" duration-ms="2" status="PASS">
          <reporter-output>
          </reporter-output>
        </test-method> <!-- elementsUI -->
      </class> <!-- qaclickacademy.SeleniumTest -->
    </test> <!-- Test -->
  </suite> <!-- Suite -->
</testng-results>
