<?xml version="1.0" encoding="UTF-8"?>
<testng-results ignored="0" total="4" passed="4" failed="0" skipped="0">
  <reporter-output>
  </reporter-output>
  <suite started-at="2022-08-03T12:27:50 IST" name="Suite" finished-at="2022-08-03T12:27:50 IST" duration-ms="146">
    <groups>
    </groups>
    <test started-at="2022-08-03T12:27:50 IST" name="Test" finished-at="2022-08-03T12:27:50 IST" duration-ms="146">
      <class name="qaclickacademy.AppiumTest">
        <test-method signature="iosApps()[pri:0, instance:qaclickacademy.AppiumTest@169e6180]" started-at="2022-08-03T12:27:50 IST" name="iosApps" finished-at="2022-08-03T12:27:50 IST" duration-ms="21" status="PASS">
          <reporter-output>
          </reporter-output>
        </test-method> <!-- iosApps -->
        <test-method signature="nativeAppAndroid()[pri:0, instance:qaclickacademy.AppiumTest@169e6180]" started-at="2022-08-03T12:27:50 IST" name="nativeAppAndroid" finished-at="2022-08-03T12:27:50 IST" duration-ms="3" status="PASS">
          <reporter-output>
          </reporter-output>
        </test-method> <!-- nativeAppAndroid -->
      </class> <!-- qaclickacademy.AppiumTest -->
      <class name="qaclickacademy.RestAPITest">
        <test-method signature="deleteTwitter()[pri:0, instance:qaclickacademy.RestAPITest@52af26ee]" started-at="2022-08-03T12:27:50 IST" name="deleteTwitter" finished-at="2022-08-03T12:27:50 IST" duration-ms="3" status="PASS">
          <reporter-output>
          </reporter-output>
        </test-method> <!-- deleteTwitter -->
        <test-method signature="postJira()[pri:0, instance:qaclickacademy.RestAPITest@52af26ee]" started-at="2022-08-03T12:27:50 IST" name="postJira" finished-at="2022-08-03T12:27:50 IST" duration-ms="2" status="PASS">
          <reporter-output>
          </reporter-output>
        </test-method> <!-- postJira -->
      </class> <!-- qaclickacademy.RestAPITest -->
    </test> <!-- Test -->
  </suite> <!-- Suite -->
</testng-results>
